  LarrysChallenge.cpp
C:\Users\Breno Abreu\Downloads\Projeto Larry's Challenge\Larry's Challenge Editor de Fases C++\Editor_de_Fases\Editor_de_Fases\LarrysChallenge.cpp(115,65): warning C4244: 'argument': conversion from 'float' to 'int', possible loss of data
C:\Users\Breno Abreu\Downloads\Projeto Larry's Challenge\Larry's Challenge Editor de Fases C++\Editor_de_Fases\Editor_de_Fases\LarrysChallenge.cpp(115,50): warning C4244: 'argument': conversion from 'float' to 'int', possible loss of data
C:\Users\Breno Abreu\Downloads\Projeto Larry's Challenge\Larry's Challenge Editor de Fases C++\Editor_de_Fases\Editor_de_Fases\LarrysChallenge.cpp(115,42): warning C4244: 'argument': conversion from 'float' to 'int', possible loss of data
C:\Users\Breno Abreu\Downloads\Projeto Larry's Challenge\Larry's Challenge Editor de Fases C++\Editor_de_Fases\Editor_de_Fases\LarrysChallenge.cpp(115,34): warning C4244: 'argument': conversion from 'float' to 'int', possible loss of data
C:\Users\Breno Abreu\Downloads\Projeto Larry's Challenge\Larry's Challenge Editor de Fases C++\Editor_de_Fases\Editor_de_Fases\LarrysChallenge.cpp(131,29): warning C4244: '=': conversion from 'int' to 'float', possible loss of data
C:\Users\Breno Abreu\Downloads\Projeto Larry's Challenge\Larry's Challenge Editor de Fases C++\Editor_de_Fases\Editor_de_Fases\LarrysChallenge.cpp(132,29): warning C4244: '=': conversion from 'int' to 'float', possible loss of data
C:\Users\Breno Abreu\Downloads\Projeto Larry's Challenge\Larry's Challenge Editor de Fases C++\Editor_de_Fases\Editor_de_Fases\LarrysChallenge.cpp(142,20): warning C4244: '=': conversion from 'T' to 'float', possible loss of data
          with
          [
              T=int
          ]
C:\Users\Breno Abreu\Downloads\Projeto Larry's Challenge\Larry's Challenge Editor de Fases C++\Editor_de_Fases\Editor_de_Fases\LarrysChallenge.cpp(143,20): warning C4244: '=': conversion from 'T' to 'float', possible loss of data
          with
          [
              T=int
          ]
C:\Users\Breno Abreu\Downloads\Projeto Larry's Challenge\Larry's Challenge Editor de Fases C++\Editor_de_Fases\Editor_de_Fases\LarrysChallenge.cpp(156,61): warning C4244: 'argument': conversion from 'float' to 'const int', possible loss of data
C:\Users\Breno Abreu\Downloads\Projeto Larry's Challenge\Larry's Challenge Editor de Fases C++\Editor_de_Fases\Editor_de_Fases\LarrysChallenge.cpp(156,53): warning C4244: 'argument': conversion from 'float' to 'const int', possible loss of data
C:\Users\Breno Abreu\Downloads\Projeto Larry's Challenge\Larry's Challenge Editor de Fases C++\Editor_de_Fases\Editor_de_Fases\LarrysChallenge.cpp(163,85): warning C4244: 'argument': conversion from 'float' to 'int', possible loss of data
C:\Users\Breno Abreu\Downloads\Projeto Larry's Challenge\Larry's Challenge Editor de Fases C++\Editor_de_Fases\Editor_de_Fases\LarrysChallenge.cpp(163,70): warning C4244: 'argument': conversion from 'float' to 'int', possible loss of data
C:\Users\Breno Abreu\Downloads\Projeto Larry's Challenge\Larry's Challenge Editor de Fases C++\Editor_de_Fases\Editor_de_Fases\LarrysChallenge.cpp(163,48): warning C4244: 'argument': conversion from 'float' to 'const int', possible loss of data
C:\Users\Breno Abreu\Downloads\Projeto Larry's Challenge\Larry's Challenge Editor de Fases C++\Editor_de_Fases\Editor_de_Fases\LarrysChallenge.cpp(163,40): warning C4244: 'argument': conversion from 'float' to 'const int', possible loss of data
C:\Users\Breno Abreu\Downloads\Projeto Larry's Challenge\Larry's Challenge Editor de Fases C++\Editor_de_Fases\Editor_de_Fases\LarrysChallenge.cpp(167,69): warning C4244: 'argument': conversion from 'float' to 'int', possible loss of data
C:\Users\Breno Abreu\Downloads\Projeto Larry's Challenge\Larry's Challenge Editor de Fases C++\Editor_de_Fases\Editor_de_Fases\LarrysChallenge.cpp(167,54): warning C4244: 'argument': conversion from 'float' to 'int', possible loss of data
C:\Users\Breno Abreu\Downloads\Projeto Larry's Challenge\Larry's Challenge Editor de Fases C++\Editor_de_Fases\Editor_de_Fases\LarrysChallenge.cpp(167,46): warning C4244: 'argument': conversion from 'float' to 'int', possible loss of data
C:\Users\Breno Abreu\Downloads\Projeto Larry's Challenge\Larry's Challenge Editor de Fases C++\Editor_de_Fases\Editor_de_Fases\LarrysChallenge.cpp(167,38): warning C4244: 'argument': conversion from 'float' to 'int', possible loss of data
C:\Users\Breno Abreu\Downloads\Projeto Larry's Challenge\Larry's Challenge Editor de Fases C++\Editor_de_Fases\Editor_de_Fases\LarrysChallenge.cpp(173,35): warning C4244: 'argument': conversion from 'float' to 'const int', possible loss of data
C:\Users\Breno Abreu\Downloads\Projeto Larry's Challenge\Larry's Challenge Editor de Fases C++\Editor_de_Fases\Editor_de_Fases\LarrysChallenge.cpp(173,27): warning C4244: 'argument': conversion from 'float' to 'const int', possible loss of data
C:\Users\Breno Abreu\Downloads\Projeto Larry's Challenge\Larry's Challenge Editor de Fases C++\Editor_de_Fases\Editor_de_Fases\LarrysChallenge.cpp(174,44): warning C4244: 'argument': conversion from 'float' to 'const int', possible loss of data
C:\Users\Breno Abreu\Downloads\Projeto Larry's Challenge\Larry's Challenge Editor de Fases C++\Editor_de_Fases\Editor_de_Fases\LarrysChallenge.cpp(174,36): warning C4244: 'argument': conversion from 'float' to 'const int', possible loss of data
C:\Users\Breno Abreu\Downloads\Projeto Larry's Challenge\Larry's Challenge Editor de Fases C++\Editor_de_Fases\Editor_de_Fases\LarrysChallenge.cpp(178,49): warning C4244: '=': conversion from 'T' to 'float', possible loss of data
          with
          [
              T=unsigned int
          ]
C:\Users\Breno Abreu\Downloads\Projeto Larry's Challenge\Larry's Challenge Editor de Fases C++\Editor_de_Fases\Editor_de_Fases\LarrysChallenge.cpp(179,44): warning C4244: '=': conversion from 'T' to 'float', possible loss of data
          with
          [
              T=unsigned int
          ]
  Menu.cpp
  main.cpp
  Generating Code...
  Editor_de_Fases.vcxproj -> C:\Users\Breno Abreu\Downloads\Projeto Larry's Challenge\Larry's Challenge Editor de Fases C++\Editor_de_Fases\Debug\Editor_de_Fases.exe
