c:\users\breno abreu\downloads\projeto larry's challenge\larry's challenge editor de fases c++\editor_de_fases\editor_de_fases\debug\vc142.pdb
c:\users\breno abreu\downloads\projeto larry's challenge\larry's challenge editor de fases c++\editor_de_fases\editor_de_fases\debug\vc142.idb
c:\users\breno abreu\downloads\projeto larry's challenge\larry's challenge editor de fases c++\editor_de_fases\editor_de_fases\debug\menu.obj
c:\users\breno abreu\downloads\projeto larry's challenge\larry's challenge editor de fases c++\editor_de_fases\editor_de_fases\debug\main.obj
c:\users\breno abreu\downloads\projeto larry's challenge\larry's challenge editor de fases c++\editor_de_fases\editor_de_fases\debug\larryschallenge.obj
c:\users\breno abreu\downloads\projeto larry's challenge\larry's challenge editor de fases c++\editor_de_fases\editor_de_fases\debug\gerenciadorpersistencia.obj
c:\users\breno abreu\downloads\projeto larry's challenge\larry's challenge editor de fases c++\editor_de_fases\editor_de_fases\debug\listaentidades.obj
c:\users\breno abreu\downloads\projeto larry's challenge\larry's challenge editor de fases c++\editor_de_fases\editor_de_fases\debug\gerenciadormenus.obj
c:\users\breno abreu\downloads\projeto larry's challenge\larry's challenge editor de fases c++\editor_de_fases\editor_de_fases\debug\gerenciadorfase.obj
c:\users\breno abreu\downloads\projeto larry's challenge\larry's challenge editor de fases c++\editor_de_fases\editor_de_fases\debug\gerenciadorentidades.obj
c:\users\breno abreu\downloads\projeto larry's challenge\larry's challenge editor de fases c++\editor_de_fases\editor_de_fases\debug\entidade.obj
c:\users\breno abreu\downloads\projeto larry's challenge\larry's challenge editor de fases c++\editor_de_fases\editor_de_fases\debug\botaoui.obj
c:\users\breno abreu\downloads\projeto larry's challenge\larry's challenge editor de fases c++\editor_de_fases\editor_de_fases\debug\botao.obj
c:\users\breno abreu\downloads\projeto larry's challenge\larry's challenge editor de fases c++\editor_de_fases\debug\editor_de_fases.exe
c:\users\breno abreu\downloads\projeto larry's challenge\larry's challenge editor de fases c++\editor_de_fases\debug\editor_de_fases.ilk
c:\users\breno abreu\downloads\projeto larry's challenge\larry's challenge editor de fases c++\editor_de_fases\debug\editor_de_fases.pdb
c:\users\breno abreu\downloads\projeto larry's challenge\larry's challenge editor de fases c++\editor_de_fases\editor_de_fases\debug\mousea.obj
c:\users\breno abreu\downloads\projeto larry's challenge\larry's challenge editor de fases c++\editor_de_fases\editor_de_fases\debug\editor_de_fases.tlog\cl.command.1.tlog
c:\users\breno abreu\downloads\projeto larry's challenge\larry's challenge editor de fases c++\editor_de_fases\editor_de_fases\debug\editor_de_fases.tlog\cl.read.1.tlog
c:\users\breno abreu\downloads\projeto larry's challenge\larry's challenge editor de fases c++\editor_de_fases\editor_de_fases\debug\editor_de_fases.tlog\cl.write.1.tlog
c:\users\breno abreu\downloads\projeto larry's challenge\larry's challenge editor de fases c++\editor_de_fases\editor_de_fases\debug\editor_de_fases.tlog\link.command.1.tlog
c:\users\breno abreu\downloads\projeto larry's challenge\larry's challenge editor de fases c++\editor_de_fases\editor_de_fases\debug\editor_de_fases.tlog\link.read.1.tlog
c:\users\breno abreu\downloads\projeto larry's challenge\larry's challenge editor de fases c++\editor_de_fases\editor_de_fases\debug\editor_de_fases.tlog\link.write.1.tlog
