  LarrysChallenge.cpp
C:\Users\Breno Abreu\Downloads\Projeto Larry's Challenge\Larry's Challenge Editor de Fases C++\Editor_de_Fases\Editor_de_Fases\LarrysChallenge.cpp(149,65): warning C4244: 'argument': conversion from 'float' to 'int', possible loss of data
C:\Users\Breno Abreu\Downloads\Projeto Larry's Challenge\Larry's Challenge Editor de Fases C++\Editor_de_Fases\Editor_de_Fases\LarrysChallenge.cpp(149,50): warning C4244: 'argument': conversion from 'float' to 'int', possible loss of data
C:\Users\Breno Abreu\Downloads\Projeto Larry's Challenge\Larry's Challenge Editor de Fases C++\Editor_de_Fases\Editor_de_Fases\LarrysChallenge.cpp(182,24): warning C4244: '=': conversion from 'T' to 'int', possible loss of data
          with
          [
              T=float
          ]
C:\Users\Breno Abreu\Downloads\Projeto Larry's Challenge\Larry's Challenge Editor de Fases C++\Editor_de_Fases\Editor_de_Fases\LarrysChallenge.cpp(183,24): warning C4244: '=': conversion from 'T' to 'int', possible loss of data
          with
          [
              T=float
          ]
C:\Users\Breno Abreu\Downloads\Projeto Larry's Challenge\Larry's Challenge Editor de Fases C++\Editor_de_Fases\Editor_de_Fases\LarrysChallenge.cpp(189,23): warning C4244: '=': conversion from 'T' to 'int', possible loss of data
          with
          [
              T=float
          ]
C:\Users\Breno Abreu\Downloads\Projeto Larry's Challenge\Larry's Challenge Editor de Fases C++\Editor_de_Fases\Editor_de_Fases\LarrysChallenge.cpp(190,23): warning C4244: '=': conversion from 'T' to 'int', possible loss of data
          with
          [
              T=float
          ]
C:\Users\Breno Abreu\Downloads\Projeto Larry's Challenge\Larry's Challenge Editor de Fases C++\Editor_de_Fases\Editor_de_Fases\LarrysChallenge.cpp(212,86): warning C4244: 'argument': conversion from 'float' to 'int', possible loss of data
C:\Users\Breno Abreu\Downloads\Projeto Larry's Challenge\Larry's Challenge Editor de Fases C++\Editor_de_Fases\Editor_de_Fases\LarrysChallenge.cpp(212,71): warning C4244: 'argument': conversion from 'float' to 'int', possible loss of data
C:\Users\Breno Abreu\Downloads\Projeto Larry's Challenge\Larry's Challenge Editor de Fases C++\Editor_de_Fases\Editor_de_Fases\LarrysChallenge.cpp(214,70): warning C4244: 'argument': conversion from 'float' to 'int', possible loss of data
C:\Users\Breno Abreu\Downloads\Projeto Larry's Challenge\Larry's Challenge Editor de Fases C++\Editor_de_Fases\Editor_de_Fases\LarrysChallenge.cpp(214,55): warning C4244: 'argument': conversion from 'float' to 'int', possible loss of data
C:\Users\Breno Abreu\Downloads\Projeto Larry's Challenge\Larry's Challenge Editor de Fases C++\Editor_de_Fases\Editor_de_Fases\LarrysChallenge.cpp(237,49): warning C4244: '=': conversion from 'T' to 'float', possible loss of data
          with
          [
              T=unsigned int
          ]
C:\Users\Breno Abreu\Downloads\Projeto Larry's Challenge\Larry's Challenge Editor de Fases C++\Editor_de_Fases\Editor_de_Fases\LarrysChallenge.cpp(238,44): warning C4244: '=': conversion from 'T' to 'float', possible loss of data
          with
          [
              T=unsigned int
          ]
  Generating code
  228 of 772 functions (29.5%) were compiled, the rest were copied from previous compilation.
    0 functions were new in current compilation
    24 functions had inline decision re-evaluated but remain unchanged
  Finished generating code
  Editor_de_Fases.vcxproj -> C:\Users\Breno Abreu\Downloads\Projeto Larry's Challenge\Larry's Challenge Editor de Fases C++\Editor_de_Fases\Release\Editor_de_Fases.exe
